2022-08-18 18:02:38.404 ERROR --- [                          main] com.alibaba.druid.pool.DruidDataSource   : {dataSource-1} init error
==>
java.sql.SQLException: com.mysql.cj.jdbc.Driver
	at com.alibaba.druid.util.JdbcUtils.createDriver(JdbcUtils.java:679)
	at com.alibaba.druid.pool.DruidDataSource.resolveDriver(DruidDataSource.java:1214)
	at com.alibaba.druid.pool.DruidDataSource.init(DruidDataSource.java:883)
	at com.alibaba.druid.pool.DruidDataSource.getConnection(DruidDataSource.java:1393)
	at com.alibaba.druid.pool.DruidDataSource.getConnection(DruidDataSource.java:1389)
	at com.alibaba.druid.pool.DruidDataSource.getConnection(DruidDataSource.java:100)
	at io.seata.server.storage.db.store.LogStoreDataBaseDAO.queryTableStructure(LogStoreDataBaseDAO.java:473)
	at io.seata.server.storage.db.store.LogStoreDataBaseDAO.initTransactionNameSize(LogStoreDataBaseDAO.java:457)
	at io.seata.server.storage.db.store.LogStoreDataBaseDAO.<init>(LogStoreDataBaseDAO.java:106)
	at io.seata.server.storage.db.store.DataBaseTransactionStoreManager.<init>(DataBaseTransactionStoreManager.java:94)
	at io.seata.server.storage.db.store.DataBaseTransactionStoreManager.getInstance(DataBaseTransactionStoreManager.java:79)
	at io.seata.server.storage.db.session.DataBaseSessionManager.init(DataBaseSessionManager.java:76)
	at io.seata.common.loader.EnhancedServiceLoader$InnerEnhancedServiceLoader.initInstance(EnhancedServiceLoader.java:634)
	at io.seata.common.loader.EnhancedServiceLoader$InnerEnhancedServiceLoader.createNewExtension(EnhancedServiceLoader.java:459)
	at io.seata.common.loader.EnhancedServiceLoader$InnerEnhancedServiceLoader.getExtensionInstance(EnhancedServiceLoader.java:452)
	at io.seata.common.loader.EnhancedServiceLoader$InnerEnhancedServiceLoader.loadExtension(EnhancedServiceLoader.java:420)
	at io.seata.common.loader.EnhancedServiceLoader$InnerEnhancedServiceLoader.load(EnhancedServiceLoader.java:311)
	at io.seata.common.loader.EnhancedServiceLoader$InnerEnhancedServiceLoader.access$200(EnhancedServiceLoader.java:245)
	at io.seata.common.loader.EnhancedServiceLoader.load(EnhancedServiceLoader.java:87)
	at io.seata.server.session.SessionHolder.init(SessionHolder.java:105)
	at io.seata.server.Server.start(Server.java:73)
	at io.seata.server.ServerRunner.run(ServerRunner.java:50)
	at org.springframework.boot.SpringApplication.callRunner(SpringApplication.java:808)
	at org.springframework.boot.SpringApplication.callRunners(SpringApplication.java:792)
	at org.springframework.boot.SpringApplication.run(SpringApplication.java:346)
	at org.springframework.boot.SpringApplication.run(SpringApplication.java:1329)
	at org.springframework.boot.SpringApplication.run(SpringApplication.java:1318)
	at io.seata.server.ServerApplication.main(ServerApplication.java:30)
Caused by: java.lang.ClassNotFoundException: com.mysql.cj.jdbc.Driver
	at java.net.URLClassLoader.findClass(URLClassLoader.java:382)
	at java.lang.ClassLoader.loadClass(ClassLoader.java:418)
	at sun.misc.Launcher$AppClassLoader.loadClass(Launcher.java:355)
	at java.lang.ClassLoader.loadClass(ClassLoader.java:351)
	at java.lang.Class.forName0(Native Method)
	at java.lang.Class.forName(Class.java:264)
	at com.alibaba.druid.util.JdbcUtils.createDriver(JdbcUtils.java:677)
	... 27 common frames omitted
<==

2022-08-18 18:02:38.405 ERROR --- [                          main] i.s.s.s.db.store.LogStoreDataBaseDAO     : query transaction_name size fail, com.mysql.cj.jdbc.Driver
==>
java.sql.SQLException: com.mysql.cj.jdbc.Driver
	at com.alibaba.druid.util.JdbcUtils.createDriver(JdbcUtils.java:679)
	at com.alibaba.druid.pool.DruidDataSource.resolveDriver(DruidDataSource.java:1214)
	at com.alibaba.druid.pool.DruidDataSource.init(DruidDataSource.java:883)
	at com.alibaba.druid.pool.DruidDataSource.getConnection(DruidDataSource.java:1393)
	at com.alibaba.druid.pool.DruidDataSource.getConnection(DruidDataSource.java:1389)
	at com.alibaba.druid.pool.DruidDataSource.getConnection(DruidDataSource.java:100)
	at io.seata.server.storage.db.store.LogStoreDataBaseDAO.queryTableStructure(LogStoreDataBaseDAO.java:473)
	at io.seata.server.storage.db.store.LogStoreDataBaseDAO.initTransactionNameSize(LogStoreDataBaseDAO.java:457)
	at io.seata.server.storage.db.store.LogStoreDataBaseDAO.<init>(LogStoreDataBaseDAO.java:106)
	at io.seata.server.storage.db.store.DataBaseTransactionStoreManager.<init>(DataBaseTransactionStoreManager.java:94)
	at io.seata.server.storage.db.store.DataBaseTransactionStoreManager.getInstance(DataBaseTransactionStoreManager.java:79)
	at io.seata.server.storage.db.session.DataBaseSessionManager.init(DataBaseSessionManager.java:76)
	at io.seata.common.loader.EnhancedServiceLoader$InnerEnhancedServiceLoader.initInstance(EnhancedServiceLoader.java:634)
	at io.seata.common.loader.EnhancedServiceLoader$InnerEnhancedServiceLoader.createNewExtension(EnhancedServiceLoader.java:459)
	at io.seata.common.loader.EnhancedServiceLoader$InnerEnhancedServiceLoader.getExtensionInstance(EnhancedServiceLoader.java:452)
	at io.seata.common.loader.EnhancedServiceLoader$InnerEnhancedServiceLoader.loadExtension(EnhancedServiceLoader.java:420)
	at io.seata.common.loader.EnhancedServiceLoader$InnerEnhancedServiceLoader.load(EnhancedServiceLoader.java:311)
	at io.seata.common.loader.EnhancedServiceLoader$InnerEnhancedServiceLoader.access$200(EnhancedServiceLoader.java:245)
	at io.seata.common.loader.EnhancedServiceLoader.load(EnhancedServiceLoader.java:87)
	at io.seata.server.session.SessionHolder.init(SessionHolder.java:105)
	at io.seata.server.Server.start(Server.java:73)
	at io.seata.server.ServerRunner.run(ServerRunner.java:50)
	at org.springframework.boot.SpringApplication.callRunner(SpringApplication.java:808)
	at org.springframework.boot.SpringApplication.callRunners(SpringApplication.java:792)
	at org.springframework.boot.SpringApplication.run(SpringApplication.java:346)
	at org.springframework.boot.SpringApplication.run(SpringApplication.java:1329)
	at org.springframework.boot.SpringApplication.run(SpringApplication.java:1318)
	at io.seata.server.ServerApplication.main(ServerApplication.java:30)
Caused by: java.lang.ClassNotFoundException: com.mysql.cj.jdbc.Driver
	at java.net.URLClassLoader.findClass(URLClassLoader.java:382)
	at java.lang.ClassLoader.loadClass(ClassLoader.java:418)
	at sun.misc.Launcher$AppClassLoader.loadClass(Launcher.java:355)
	at java.lang.ClassLoader.loadClass(ClassLoader.java:351)
	at java.lang.Class.forName0(Native Method)
	at java.lang.Class.forName(Class.java:264)
	at com.alibaba.druid.util.JdbcUtils.createDriver(JdbcUtils.java:677)
	... 27 common frames omitted
<==

2022-08-18 18:05:40.815 ERROR --- [                          main] com.alibaba.druid.pool.DruidDataSource   : {dataSource-1} init error
==>
java.sql.SQLException: com.mysql.cj.jdbc.Driver
	at com.alibaba.druid.util.JdbcUtils.createDriver(JdbcUtils.java:679)
	at com.alibaba.druid.pool.DruidDataSource.resolveDriver(DruidDataSource.java:1214)
	at com.alibaba.druid.pool.DruidDataSource.init(DruidDataSource.java:883)
	at com.alibaba.druid.pool.DruidDataSource.getConnection(DruidDataSource.java:1393)
	at com.alibaba.druid.pool.DruidDataSource.getConnection(DruidDataSource.java:1389)
	at com.alibaba.druid.pool.DruidDataSource.getConnection(DruidDataSource.java:100)
	at io.seata.server.storage.db.store.LogStoreDataBaseDAO.queryTableStructure(LogStoreDataBaseDAO.java:473)
	at io.seata.server.storage.db.store.LogStoreDataBaseDAO.initTransactionNameSize(LogStoreDataBaseDAO.java:457)
	at io.seata.server.storage.db.store.LogStoreDataBaseDAO.<init>(LogStoreDataBaseDAO.java:106)
	at io.seata.server.storage.db.store.DataBaseTransactionStoreManager.<init>(DataBaseTransactionStoreManager.java:94)
	at io.seata.server.storage.db.store.DataBaseTransactionStoreManager.getInstance(DataBaseTransactionStoreManager.java:79)
	at io.seata.server.storage.db.session.DataBaseSessionManager.init(DataBaseSessionManager.java:76)
	at io.seata.common.loader.EnhancedServiceLoader$InnerEnhancedServiceLoader.initInstance(EnhancedServiceLoader.java:634)
	at io.seata.common.loader.EnhancedServiceLoader$InnerEnhancedServiceLoader.createNewExtension(EnhancedServiceLoader.java:459)
	at io.seata.common.loader.EnhancedServiceLoader$InnerEnhancedServiceLoader.getExtensionInstance(EnhancedServiceLoader.java:452)
	at io.seata.common.loader.EnhancedServiceLoader$InnerEnhancedServiceLoader.loadExtension(EnhancedServiceLoader.java:420)
	at io.seata.common.loader.EnhancedServiceLoader$InnerEnhancedServiceLoader.load(EnhancedServiceLoader.java:311)
	at io.seata.common.loader.EnhancedServiceLoader$InnerEnhancedServiceLoader.access$200(EnhancedServiceLoader.java:245)
	at io.seata.common.loader.EnhancedServiceLoader.load(EnhancedServiceLoader.java:87)
	at io.seata.server.session.SessionHolder.init(SessionHolder.java:105)
	at io.seata.server.Server.start(Server.java:73)
	at io.seata.server.ServerRunner.run(ServerRunner.java:50)
	at org.springframework.boot.SpringApplication.callRunner(SpringApplication.java:808)
	at org.springframework.boot.SpringApplication.callRunners(SpringApplication.java:792)
	at org.springframework.boot.SpringApplication.run(SpringApplication.java:346)
	at org.springframework.boot.SpringApplication.run(SpringApplication.java:1329)
	at org.springframework.boot.SpringApplication.run(SpringApplication.java:1318)
	at io.seata.server.ServerApplication.main(ServerApplication.java:30)
Caused by: java.lang.ClassNotFoundException: com.mysql.cj.jdbc.Driver
	at java.net.URLClassLoader.findClass(URLClassLoader.java:382)
	at java.lang.ClassLoader.loadClass(ClassLoader.java:418)
	at sun.misc.Launcher$AppClassLoader.loadClass(Launcher.java:355)
	at java.lang.ClassLoader.loadClass(ClassLoader.java:351)
	at java.lang.Class.forName0(Native Method)
	at java.lang.Class.forName(Class.java:264)
	at com.alibaba.druid.util.JdbcUtils.createDriver(JdbcUtils.java:677)
	... 27 common frames omitted
<==

2022-08-18 18:05:40.816 ERROR --- [                          main] i.s.s.s.db.store.LogStoreDataBaseDAO     : query transaction_name size fail, com.mysql.cj.jdbc.Driver
==>
java.sql.SQLException: com.mysql.cj.jdbc.Driver
	at com.alibaba.druid.util.JdbcUtils.createDriver(JdbcUtils.java:679)
	at com.alibaba.druid.pool.DruidDataSource.resolveDriver(DruidDataSource.java:1214)
	at com.alibaba.druid.pool.DruidDataSource.init(DruidDataSource.java:883)
	at com.alibaba.druid.pool.DruidDataSource.getConnection(DruidDataSource.java:1393)
	at com.alibaba.druid.pool.DruidDataSource.getConnection(DruidDataSource.java:1389)
	at com.alibaba.druid.pool.DruidDataSource.getConnection(DruidDataSource.java:100)
	at io.seata.server.storage.db.store.LogStoreDataBaseDAO.queryTableStructure(LogStoreDataBaseDAO.java:473)
	at io.seata.server.storage.db.store.LogStoreDataBaseDAO.initTransactionNameSize(LogStoreDataBaseDAO.java:457)
	at io.seata.server.storage.db.store.LogStoreDataBaseDAO.<init>(LogStoreDataBaseDAO.java:106)
	at io.seata.server.storage.db.store.DataBaseTransactionStoreManager.<init>(DataBaseTransactionStoreManager.java:94)
	at io.seata.server.storage.db.store.DataBaseTransactionStoreManager.getInstance(DataBaseTransactionStoreManager.java:79)
	at io.seata.server.storage.db.session.DataBaseSessionManager.init(DataBaseSessionManager.java:76)
	at io.seata.common.loader.EnhancedServiceLoader$InnerEnhancedServiceLoader.initInstance(EnhancedServiceLoader.java:634)
	at io.seata.common.loader.EnhancedServiceLoader$InnerEnhancedServiceLoader.createNewExtension(EnhancedServiceLoader.java:459)
	at io.seata.common.loader.EnhancedServiceLoader$InnerEnhancedServiceLoader.getExtensionInstance(EnhancedServiceLoader.java:452)
	at io.seata.common.loader.EnhancedServiceLoader$InnerEnhancedServiceLoader.loadExtension(EnhancedServiceLoader.java:420)
	at io.seata.common.loader.EnhancedServiceLoader$InnerEnhancedServiceLoader.load(EnhancedServiceLoader.java:311)
	at io.seata.common.loader.EnhancedServiceLoader$InnerEnhancedServiceLoader.access$200(EnhancedServiceLoader.java:245)
	at io.seata.common.loader.EnhancedServiceLoader.load(EnhancedServiceLoader.java:87)
	at io.seata.server.session.SessionHolder.init(SessionHolder.java:105)
	at io.seata.server.Server.start(Server.java:73)
	at io.seata.server.ServerRunner.run(ServerRunner.java:50)
	at org.springframework.boot.SpringApplication.callRunner(SpringApplication.java:808)
	at org.springframework.boot.SpringApplication.callRunners(SpringApplication.java:792)
	at org.springframework.boot.SpringApplication.run(SpringApplication.java:346)
	at org.springframework.boot.SpringApplication.run(SpringApplication.java:1329)
	at org.springframework.boot.SpringApplication.run(SpringApplication.java:1318)
	at io.seata.server.ServerApplication.main(ServerApplication.java:30)
Caused by: java.lang.ClassNotFoundException: com.mysql.cj.jdbc.Driver
	at java.net.URLClassLoader.findClass(URLClassLoader.java:382)
	at java.lang.ClassLoader.loadClass(ClassLoader.java:418)
	at sun.misc.Launcher$AppClassLoader.loadClass(Launcher.java:355)
	at java.lang.ClassLoader.loadClass(ClassLoader.java:351)
	at java.lang.Class.forName0(Native Method)
	at java.lang.Class.forName(Class.java:264)
	at com.alibaba.druid.util.JdbcUtils.createDriver(JdbcUtils.java:677)
	... 27 common frames omitted
<==

